{"level":40,"time":1679438022219,"pid":11104,"hostname":"SOPINV-330","msg":"Method & route GET /favicon.ico not implemented"}
{"level":40,"time":1679438182483,"pid":16432,"hostname":"SOPINV-330","msg":"Method & route GET /hola not implemented"}
{"level":40,"time":1679439088653,"pid":16832,"hostname":"SOPINV-330","msg":"Method & route GET /css/styles.css not implemented"}
{"level":40,"time":1679441112833,"pid":6500,"hostname":"SOPINV-330","msg":"Method & route GET /css/styles.css not implemented"}
{"level":40,"time":1679441113307,"pid":6500,"hostname":"SOPINV-330","msg":"Method & route GET /assets/favicon.ico not implemented"}
{"level":40,"time":1679441113759,"pid":6500,"hostname":"SOPINV-330","msg":"Method & route GET /assets/favicon.ico not implemented"}
{"level":40,"time":1679441126824,"pid":6500,"hostname":"SOPINV-330","msg":"Method & route GET /css/styles.css not implemented"}
{"level":40,"time":1679441524939,"pid":1956,"hostname":"SOPINV-330","msg":"Method & route GET /css/styles.css not implemented"}
{"level":40,"time":1679441525421,"pid":1956,"hostname":"SOPINV-330","msg":"Method & route GET /assets/favicon.ico not implemented"}
{"level":40,"time":1679441545502,"pid":1956,"hostname":"SOPINV-330","msg":"Method & route GET /css/styles.css not implemented"}
{"level":40,"time":1679441545994,"pid":1956,"hostname":"SOPINV-330","msg":"Method & route GET /assets/favicon.ico not implemented"}
{"level":40,"time":1679441716868,"pid":3664,"hostname":"SOPINV-330","msg":"Method & route GET /css/styles.css not implemented"}
{"level":40,"time":1679441717355,"pid":3664,"hostname":"SOPINV-330","msg":"Method & route GET /assets/favicon.ico not implemented"}
{"level":40,"time":1679442204060,"pid":4380,"hostname":"SOPINV-330","msg":"Method & route GET /css/styles.css not implemented"}
{"level":40,"time":1679442204536,"pid":4380,"hostname":"SOPINV-330","msg":"Method & route GET /assets/favicon.ico not implemented"}
{"level":40,"time":1679442823843,"pid":12864,"hostname":"SOPINV-330","msg":"Method & route GET /css/styles.css not implemented"}
{"level":40,"time":1679442824650,"pid":12864,"hostname":"SOPINV-330","msg":"Method & route GET /assets/favicon.ico not implemented"}
{"level":40,"time":1679442824705,"pid":12864,"hostname":"SOPINV-330","msg":"Method & route GET /assets/favicon.ico not implemented"}
{"level":40,"time":1679442826358,"pid":12864,"hostname":"SOPINV-330","msg":"Method & route GET /favicon.ico not implemented"}
{"level":40,"time":1679442836309,"pid":12864,"hostname":"SOPINV-330","msg":"Method & route GET /css/styles.css not implemented"}
{"level":40,"time":1679442837015,"pid":12864,"hostname":"SOPINV-330","msg":"Method & route GET /assets/favicon.ico not implemented"}
{"level":40,"time":1679442942758,"pid":18912,"hostname":"SOPINV-330","msg":"Method & route GET /css/styles.css not implemented"}
{"level":40,"time":1679442943244,"pid":18912,"hostname":"SOPINV-330","msg":"Method & route GET /assets/favicon.ico not implemented"}
{"level":40,"time":1679443002765,"pid":2640,"hostname":"SOPINV-330","msg":"Method & route GET /css/styles.css not implemented"}
{"level":40,"time":1679443003251,"pid":2640,"hostname":"SOPINV-330","msg":"Method & route GET /assets/favicon.ico not implemented"}
{"level":40,"time":1679443598714,"pid":13412,"hostname":"SOPINV-330","msg":"Method & route GET /css/styles.css not implemented"}
{"level":40,"time":1679443599197,"pid":13412,"hostname":"SOPINV-330","msg":"Method & route GET /assets/favicon.ico not implemented"}
{"level":40,"time":1679443662374,"pid":9400,"hostname":"SOPINV-330","msg":"Method & route GET /css/styles.css not implemented"}
{"level":40,"time":1679443662849,"pid":9400,"hostname":"SOPINV-330","msg":"Method & route GET /assets/favicon.ico not implemented"}
{"level":40,"time":1679443822502,"pid":20372,"hostname":"SOPINV-330","msg":"Method & route GET /css/styles.css not implemented"}
{"level":40,"time":1679443822978,"pid":20372,"hostname":"SOPINV-330","msg":"Method & route GET /assets/favicon.ico not implemented"}
{"level":40,"time":1679443903605,"pid":20372,"hostname":"SOPINV-330","msg":"Method & route GET /css/styles.css not implemented"}
{"level":40,"time":1679443904080,"pid":20372,"hostname":"SOPINV-330","msg":"Method & route GET /assets/favicon.ico not implemented"}
{"level":40,"time":1679446526746,"pid":13824,"hostname":"SOPINV-330","msg":"Method & route GET /favicon.ico not implemented"}
{"level":40,"time":1679571793420,"pid":19280,"hostname":"SOPINV-321","msg":"Method & route GET /favicon.ico not implemented"}
{"level":40,"time":1679572479981,"pid":4784,"hostname":"SOPINV-321","msg":"Method & route GET /css/styles.css not implemented"}
{"level":40,"time":1679572480496,"pid":4784,"hostname":"SOPINV-321","msg":"Method & route GET /assets/favicon.ico not implemented"}
{"level":40,"time":1679572481535,"pid":4784,"hostname":"SOPINV-321","msg":"Method & route GET /assets/favicon.ico not implemented"}
{"level":40,"time":1679572530611,"pid":7800,"hostname":"SOPINV-321","msg":"Method & route GET /css/styles.css not implemented"}
{"level":40,"time":1679572532156,"pid":7800,"hostname":"SOPINV-321","msg":"Method & route GET /assets/favicon.ico not implemented"}
{"level":40,"time":1679572643285,"pid":7800,"hostname":"SOPINV-321","msg":"Method & route GET /css/styles.css not implemented"}
{"level":40,"time":1679572644865,"pid":7800,"hostname":"SOPINV-321","msg":"Method & route GET /assets/favicon.ico not implemented"}
{"level":40,"time":1679572997479,"pid":10432,"hostname":"SOPINV-321","msg":"Method & route GET /css/styles.css not implemented"}
{"level":40,"time":1679572997995,"pid":10432,"hostname":"SOPINV-321","msg":"Method & route GET /assets/favicon.ico not implemented"}
{"level":40,"time":1683404481243,"pid":5456,"hostname":"SOPINV-321","msg":"Method & route GET /favicon.ico not implemented"}
{"level":40,"time":1683406747798,"pid":10828,"hostname":"SOPINV-321","msg":"Method & route GET /css/styles.css not implemented"}
{"level":40,"time":1683408720181,"pid":8616,"hostname":"SOPINV-321","msg":"Method & route GET /css/styles.css not implemented"}
{"level":40,"time":1683408723662,"pid":8616,"hostname":"SOPINV-321","msg":"Method & route GET /assets/favicon.ico not implemented"}
{"level":40,"time":1683409462844,"pid":20836,"hostname":"SOPINV-321","msg":"Method & route GET /css/styles.css not implemented"}
{"level":40,"time":1683409466200,"pid":20836,"hostname":"SOPINV-321","msg":"Method & route GET /assets/favicon.ico not implemented"}
{"level":40,"time":1683409466428,"pid":20836,"hostname":"SOPINV-321","msg":"Method & route GET /get-usercart not implemented"}
{"level":40,"time":1683409469801,"pid":20836,"hostname":"SOPINV-321","msg":"Method & route GET /assets/favicon.ico not implemented"}
{"level":40,"time":1683409757755,"pid":8808,"hostname":"SOPINV-321","msg":"Method & route GET /css/styles.css not implemented"}
{"level":40,"time":1683409761315,"pid":8808,"hostname":"SOPINV-321","msg":"Method & route GET /assets/favicon.ico not implemented"}
{"level":40,"time":1683409784535,"pid":5044,"hostname":"SOPINV-321","msg":"Method & route GET /css/styles.css not implemented"}
{"level":40,"time":1683409787878,"pid":5044,"hostname":"SOPINV-321","msg":"Method & route GET /assets/favicon.ico not implemented"}
{"level":40,"time":1683409788163,"pid":5044,"hostname":"SOPINV-321","msg":"Method & route GET /css/styles.css not implemented"}
{"level":40,"time":1683409799912,"pid":5044,"hostname":"SOPINV-321","msg":"Method & route GET /css/styles.css not implemented"}
{"level":40,"time":1683409803139,"pid":5044,"hostname":"SOPINV-321","msg":"Method & route GET /assets/favicon.ico not implemented"}
{"level":40,"time":1683409811148,"pid":5044,"hostname":"SOPINV-321","msg":"Method & route GET /css/styles.css not implemented"}
{"level":40,"time":1683409814375,"pid":5044,"hostname":"SOPINV-321","msg":"Method & route GET /assets/favicon.ico not implemented"}
{"level":40,"time":1683409814594,"pid":5044,"hostname":"SOPINV-321","msg":"Method & route GET /get-usercart not implemented"}
{"level":40,"time":1683409827489,"pid":5044,"hostname":"SOPINV-321","msg":"Method & route GET /css/styles.css not implemented"}
{"level":40,"time":1683409850933,"pid":4964,"hostname":"SOPINV-321","msg":"Method & route GET /css/styles.css not implemented"}
{"level":40,"time":1683409854105,"pid":4964,"hostname":"SOPINV-321","msg":"Method & route GET /assets/favicon.ico not implemented"}
{"level":40,"time":1683409854322,"pid":4964,"hostname":"SOPINV-321","msg":"Method & route GET /css/styles.css not implemented"}
{"level":40,"time":1683409857923,"pid":4964,"hostname":"SOPINV-321","msg":"Method & route GET /assets/favicon.ico not implemented"}
{"level":40,"time":1683409972108,"pid":4964,"hostname":"SOPINV-321","msg":"Method & route GET /css/styles.css not implemented"}
{"level":40,"time":1683409975215,"pid":4964,"hostname":"SOPINV-321","msg":"Method & route GET /assets/favicon.ico not implemented"}
{"level":40,"time":1683409984019,"pid":4964,"hostname":"SOPINV-321","msg":"Method & route GET /css/styles.css not implemented"}
{"level":40,"time":1683409984362,"pid":4964,"hostname":"SOPINV-321","msg":"Method & route GET /assets/favicon.ico not implemented"}
{"level":40,"time":1683409985387,"pid":4964,"hostname":"SOPINV-321","msg":"Method & route GET /get-usercart not implemented"}
{"level":40,"time":1684077765655,"pid":6956,"hostname":"SOPINV-321","msg":"Method & route PUT /api/cart/6460e1d3bfa7360580d07ea2 not implemented"}
{"level":40,"time":1684077789866,"pid":18888,"hostname":"SOPINV-321","msg":"Method & route PUT /api/cart/6460e1d3bfa7360580d07ea2 not implemented"}
{"level":40,"time":1684224712688,"pid":22940,"hostname":"SOPINV-321","msg":"Method & route POST /api/chats not implemented"}
{"level":40,"time":1684238133265,"pid":23116,"hostname":"SOPINV-321","msg":"Method & route GET /favicon.ico not implemented"}
{"level":40,"time":1684238241961,"pid":23524,"hostname":"SOPINV-321","msg":"Method & route GET /favicon.ico not implemented"}
{"level":40,"time":1684238264155,"pid":23524,"hostname":"SOPINV-321","msg":"Method & route GET /css/styles.css not implemented"}
{"level":40,"time":1684238264632,"pid":23524,"hostname":"SOPINV-321","msg":"Method & route GET /assets/favicon.ico not implemented"}
{"level":40,"time":1684238265089,"pid":23524,"hostname":"SOPINV-321","msg":"Method & route GET /assets/favicon.ico not implemented"}
{"level":40,"time":1684238277998,"pid":23524,"hostname":"SOPINV-321","msg":"Method & route GET /css/styles.css not implemented"}
{"level":40,"time":1684238414504,"pid":18948,"hostname":"SOPINV-321","msg":"Method & route GET /css/styles.css not implemented"}
{"level":40,"time":1684238414989,"pid":18948,"hostname":"SOPINV-321","msg":"Method & route GET /assets/favicon.ico not implemented"}
{"level":40,"time":1684238438628,"pid":18948,"hostname":"SOPINV-321","msg":"Method & route GET /css/styles.css not implemented"}
{"level":40,"time":1684238439110,"pid":18948,"hostname":"SOPINV-321","msg":"Method & route GET /assets/favicon.ico not implemented"}
{"level":40,"time":1684238647873,"pid":18948,"hostname":"SOPINV-321","msg":"Method & route GET /static/index_tests.html not implemented"}
{"level":40,"time":1684238663575,"pid":18948,"hostname":"SOPINV-321","msg":"Method & route GET /index_tests.html not implemented"}
{"level":40,"time":1684238673347,"pid":18948,"hostname":"SOPINV-321","msg":"Method & route GET /public/index_tests.html not implemented"}
{"level":40,"time":1684238745341,"pid":20448,"hostname":"SOPINV-321","msg":"Method & route GET /css/styles.css not implemented"}
{"level":40,"time":1684239021802,"pid":22996,"hostname":"SOPINV-321","msg":"Method & route GET /css/styles.css not implemented"}
{"level":40,"time":1684240160900,"pid":24216,"hostname":"SOPINV-321","msg":"Method & route GET /api/cart not implemented"}
{"level":40,"time":1684246479705,"pid":23312,"hostname":"SOPINV-321","msg":"Method & route GET /api/cart not implemented"}
{"level":40,"time":1684267331052,"pid":3268,"hostname":"SOPINV-321","msg":"Method & route GET /order not implemented"}
